<?xml version="1.0" encoding="UTF-8"?>
<testng-results skipped="0" failed="0" total="1" passed="1">
  <reporter-output>
  </reporter-output>
  <suite name="Default suite" duration-ms="12822" started-at="2018-09-20T19:56:20Z" finished-at="2018-09-20T19:56:33Z">
    <groups>
    </groups>
    <test name="Default test" duration-ms="12822" started-at="2018-09-20T19:56:20Z" finished-at="2018-09-20T19:56:33Z">
      <class name="TestAddressbook_TC.TestAddressbook_TC.TestAddressBook">
        <test-method status="PASS" signature="beforeLogIn()[pri:0, instance:TestAddressbook_TC.TestAddressbook_TC.TestAddressBook@36d4b5c]" name="beforeLogIn" is-config="true" duration-ms="10408" started-at="2018-09-20T14:56:20Z" finished-at="2018-09-20T14:56:30Z">
          <reporter-output>
          </reporter-output>
        </test-method> <!-- beforeLogIn -->
        <test-method status="PASS" signature="logIn()[pri:0, instance:TestAddressbook_TC.TestAddressbook_TC.TestAddressBook@36d4b5c]" name="logIn" duration-ms="1995" started-at="2018-09-20T14:56:30Z" finished-at="2018-09-20T14:56:32Z">
          <reporter-output>
          </reporter-output>
        </test-method> <!-- logIn -->
        <test-method status="PASS" signature="afterLogIn()[pri:0, instance:TestAddressbook_TC.TestAddressbook_TC.TestAddressBook@36d4b5c]" name="afterLogIn" is-config="true" duration-ms="402" started-at="2018-09-20T14:56:32Z" finished-at="2018-09-20T14:56:33Z">
          <reporter-output>
          </reporter-output>
        </test-method> <!-- afterLogIn -->
      </class> <!-- TestAddressbook_TC.TestAddressbook_TC.TestAddressBook -->
    </test> <!-- Default test -->
  </suite> <!-- Default suite -->
</testng-results>
