<?xml version="1.0" encoding="UTF-8"?>
<!-- Generated by org.testng.reporters.JUnitXMLReporter -->
<testsuite hostname="SmallWorldPC" name="Default test" tests="3" failures="0" timestamp="22 Sep 2018 15:19:22 GMT" time="20.248" errors="0">
  <testcase name="addAddress" time="8.72" classname="com.test_address.TestAddressBook"/>
  <testcase name="editadd" time="3.653" classname="com.test_address.TestAddressBook"/>
  <testcase name="test" time="0.094" classname="com.test_address.TestAddressBook"/>
</testsuite> <!-- Default test -->
