<?xml version="1.0" encoding="UTF-8"?>
<testng-results skipped="0" failed="0" total="3" passed="3">
  <reporter-output>
  </reporter-output>
  <suite name="Default suite" duration-ms="20248" started-at="2018-09-22T15:19:01Z" finished-at="2018-09-22T15:19:22Z">
    <groups>
    </groups>
    <test name="Default test" duration-ms="20248" started-at="2018-09-22T15:19:01Z" finished-at="2018-09-22T15:19:22Z">
      <class name="com.test_address.TestAddressBook">
        <test-method status="PASS" signature="doBefore()[pri:0, instance:com.test_address.TestAddressBook@6d00a15d]" name="doBefore" is-config="true" duration-ms="7712" started-at="2018-09-22T10:19:01Z" finished-at="2018-09-22T10:19:09Z">
          <reporter-output>
          </reporter-output>
        </test-method> <!-- doBefore -->
        <test-method status="PASS" signature="addAddress()[pri:0, instance:com.test_address.TestAddressBook@6d00a15d]" name="addAddress" duration-ms="8720" started-at="2018-09-22T10:19:09Z" finished-at="2018-09-22T10:19:18Z">
          <reporter-output>
          </reporter-output>
        </test-method> <!-- addAddress -->
        <test-method status="PASS" signature="editadd()[pri:0, instance:com.test_address.TestAddressBook@6d00a15d]" name="editadd" duration-ms="3653" started-at="2018-09-22T10:19:18Z" finished-at="2018-09-22T10:19:22Z">
          <reporter-output>
          </reporter-output>
        </test-method> <!-- editadd -->
        <test-method status="PASS" signature="test()[pri:0, instance:com.test_address.TestAddressBook@6d00a15d]" name="test" duration-ms="94" started-at="2018-09-22T10:19:22Z" finished-at="2018-09-22T10:19:22Z">
          <reporter-output>
          </reporter-output>
        </test-method> <!-- test -->
        <test-method status="PASS" signature="doAfter()[pri:0, instance:com.test_address.TestAddressBook@6d00a15d]" name="doAfter" is-config="true" duration-ms="0" started-at="2018-09-22T10:19:22Z" finished-at="2018-09-22T10:19:22Z">
          <reporter-output>
          </reporter-output>
        </test-method> <!-- doAfter -->
      </class> <!-- com.test_address.TestAddressBook -->
    </test> <!-- Default test -->
  </suite> <!-- Default suite -->
</testng-results>
