<?xml version="1.0" encoding="UTF-8"?>
<testng-results skipped="0" failed="0" total="1" passed="1">
  <reporter-output>
  </reporter-output>
  <suite name="Default suite" duration-ms="12335" started-at="2018-09-15T17:55:59Z" finished-at="2018-09-15T17:56:12Z">
    <groups>
    </groups>
    <test name="Default test" duration-ms="12335" started-at="2018-09-15T17:55:59Z" finished-at="2018-09-15T17:56:12Z">
      <class name="com.addresbook.Test.TestAddressBook">
        <test-method status="PASS" signature="doBefore()[pri:0, instance:com.addresbook.Test.TestAddressBook@643b1d11]" name="doBefore" is-config="true" duration-ms="9704" started-at="2018-09-15T12:55:59Z" finished-at="2018-09-15T12:56:09Z">
          <reporter-output>
          </reporter-output>
        </test-method> <!-- doBefore -->
        <test-method status="PASS" signature="test()[pri:0, instance:com.addresbook.Test.TestAddressBook@643b1d11]" name="test" duration-ms="1860" started-at="2018-09-15T12:56:09Z" finished-at="2018-09-15T12:56:11Z">
          <reporter-output>
          </reporter-output>
        </test-method> <!-- test -->
        <test-method status="PASS" signature="doAfter()[pri:0, instance:com.addresbook.Test.TestAddressBook@643b1d11]" name="doAfter" is-config="true" duration-ms="750" started-at="2018-09-15T12:56:11Z" finished-at="2018-09-15T12:56:12Z">
          <reporter-output>
          </reporter-output>
        </test-method> <!-- doAfter -->
      </class> <!-- com.addresbook.Test.TestAddressBook -->
    </test> <!-- Default test -->
  </suite> <!-- Default suite -->
</testng-results>
